<?xml version="1.0" encoding="UTF-8"?>
<!-- Generated by org.testng.reporters.JUnitXMLReporter -->
<testsuite ignored="0" hostname="SURENDRAN" failures="0" tests="6" name="Default test" time="24.723" errors="0" timestamp="2022-04-12T21:50:10 IST">
  <testcase classname="com.mylogoecom.testclasses.OrderProductTest" name="addProductTpShoppingCart" time="17.622"/>
  <testcase classname="com.mylogoecom.testclasses.OrderProductTest" name="addressPageOfShoppingCartTest" time="2.697"/>
  <testcase classname="com.mylogoecom.testclasses.OrderProductTest" name="orderConfirmationPageTest" time="0.011"/>
  <testcase classname="com.mylogoecom.testclasses.OrderProductTest" name="orderSuccessFullPageTest" time="0.004"/>
  <testcase classname="com.mylogoecom.testclasses.OrderProductTest" name="paymentPageofShoppingCartPage" time="0.011"/>
  <testcase classname="com.mylogoecom.testclasses.OrderProductTest" name="shippingPageOfShoppingCartTest" time="2.952"/>
</testsuite> <!-- Default test -->
