<?xml version="1.0" encoding="UTF-8"?>
<!-- Generated by org.testng.reporters.JUnitXMLReporter -->
<testsuite ignored="0" hostname="SURENDRAN" failures="0" tests="6" name="Default test" time="83.3" errors="0" timestamp="2022-04-18T21:05:32 IST">
  <testcase classname="com.mylogoecom.testclasses.OrderProductTest" name="addProductTpShoppingCart" time="20.224"/>
  <testcase classname="com.mylogoecom.testclasses.OrderProductTest" name="addressPageOfShoppingCartTest" time="4.17"/>
  <testcase classname="com.mylogoecom.testclasses.OrderProductTest" name="shippingPageOfShoppingCartTest" time="3.805"/>
  <testcase classname="com.mylogoecom.testclasses.OrderProductTest" name="paymentPageofShoppingCartPage" time="2.791"/>
  <testcase classname="com.mylogoecom.testclasses.OrderProductTest" name="orderConfirmationPageTest" time="3.011"/>
  <testcase classname="com.mylogoecom.testclasses.OrderProductTest" name="orderSuccessFullPageTest" time="47.402"/>
</testsuite> <!-- Default test -->
