<?xml version="1.0" encoding="UTF-8"?>
<testng-results ignored="0" total="1" passed="1" failed="0" skipped="0">
  <reporter-output>
  </reporter-output>
  <suite started-at="2022-03-01T21:58:22 IST" name="Default suite" finished-at="2022-03-01T21:58:54 IST" duration-ms="31644">
    <groups>
    </groups>
    <test started-at="2022-03-01T21:58:22 IST" name="Default test" finished-at="2022-03-01T21:58:54 IST" duration-ms="31644">
      <class name="com.mylogoecom.testclasses.SignUpEmailPageTest">
        <test-method is-config="true" signature="beforeSuite()[pri:0, instance:com.mylogoecom.testclasses.SignUpEmailPageTest@1a6d8329]" started-at="2022-03-01T21:58:22 IST" name="beforeSuite" finished-at="2022-03-01T21:58:22 IST" duration-ms="25" status="PASS">
          <reporter-output>
          </reporter-output>
        </test-method> <!-- beforeSuite -->
        <test-method is-config="true" signature="launchBrowser()[pri:0, instance:com.mylogoecom.testclasses.SignUpEmailPageTest@1a6d8329]" started-at="2022-03-01T21:58:22 IST" name="launchBrowser" finished-at="2022-03-01T21:58:45 IST" duration-ms="22868" status="PASS">
          <reporter-output>
          </reporter-output>
        </test-method> <!-- launchBrowser -->
        <test-method signature="createAccount()[pri:0, instance:com.mylogoecom.testclasses.SignUpEmailPageTest@1a6d8329]" started-at="2022-03-01T21:58:45 IST" name="createAccount" finished-at="2022-03-01T21:58:54 IST" duration-ms="8667" status="PASS">
          <reporter-output>
          </reporter-output>
        </test-method> <!-- createAccount -->
        <test-method is-config="true" signature="tearDown()[pri:0, instance:com.mylogoecom.testclasses.SignUpEmailPageTest@1a6d8329]" started-at="2022-03-01T21:58:54 IST" name="tearDown" finished-at="2022-03-01T21:58:54 IST" duration-ms="1" status="PASS">
          <reporter-output>
          </reporter-output>
        </test-method> <!-- tearDown -->
      </class> <!-- com.mylogoecom.testclasses.SignUpEmailPageTest -->
    </test> <!-- Default test -->
  </suite> <!-- Default suite -->
</testng-results>
