<?xml version="1.0" encoding="UTF-8"?>
<testng-results ignored="0" total="2" passed="2" failed="0" skipped="0">
  <reporter-output>
  </reporter-output>
  <suite started-at="2022-04-08T12:51:35 IST" name="Default suite" finished-at="2022-04-08T12:51:36 IST" duration-ms="1161">
    <groups>
    </groups>
    <test started-at="2022-04-08T12:51:35 IST" name="Default test" finished-at="2022-04-08T12:51:36 IST" duration-ms="1161">
      <class name="com.mylogoecom.testclasses.SignInPageTest">
        <test-method is-config="true" signature="beforeSuite()[pri:0, instance:com.mylogoecom.testclasses.SignInPageTest@3feb2dda]" started-at="2022-04-08T12:51:34 IST" name="beforeSuite" finished-at="2022-04-08T12:51:35 IST" duration-ms="793" status="PASS">
          <reporter-output>
          </reporter-output>
        </test-method> <!-- beforeSuite -->
        <test-method signature="goToSignInPage()[pri:0, instance:com.mylogoecom.testclasses.SignInPageTest@3feb2dda]" started-at="2022-04-08T12:51:35 IST" name="goToSignInPage" finished-at="2022-04-08T12:51:35 IST" duration-ms="139" status="PASS">
          <reporter-output>
          </reporter-output>
        </test-method> <!-- goToSignInPage -->
        <test-method is-config="true" signature="tearDown()[pri:0, instance:com.mylogoecom.testclasses.SignInPageTest@3feb2dda]" started-at="2022-04-08T12:51:35 IST" name="tearDown" finished-at="2022-04-08T12:51:35 IST" duration-ms="1" status="PASS">
          <reporter-output>
          </reporter-output>
        </test-method> <!-- tearDown -->
        <test-method signature="loginUser()[pri:0, instance:com.mylogoecom.testclasses.SignInPageTest@3feb2dda]" started-at="2022-04-08T12:51:35 IST" name="loginUser" finished-at="2022-04-08T12:51:35 IST" duration-ms="5" status="PASS">
          <reporter-output>
          </reporter-output>
        </test-method> <!-- loginUser -->
        <test-method is-config="true" signature="tearDown()[pri:0, instance:com.mylogoecom.testclasses.SignInPageTest@3feb2dda]" started-at="2022-04-08T12:51:35 IST" name="tearDown" finished-at="2022-04-08T12:51:35 IST" duration-ms="2" status="PASS">
          <reporter-output>
          </reporter-output>
        </test-method> <!-- tearDown -->
        <test-method is-config="true" signature="writeToExtentReport()[pri:0, instance:com.mylogoecom.testclasses.SignInPageTest@3feb2dda]" started-at="2022-04-08T12:51:35 IST" name="writeToExtentReport" finished-at="2022-04-08T12:51:36 IST" duration-ms="897" status="PASS">
          <reporter-output>
          </reporter-output>
        </test-method> <!-- writeToExtentReport -->
      </class> <!-- com.mylogoecom.testclasses.SignInPageTest -->
    </test> <!-- Default test -->
  </suite> <!-- Default suite -->
</testng-results>
